Printing air absorption, original and simplified formula
20      0.00208266      0.00215134
21.4304 0.002388        0.00244649
22.9631 0.00273758      0.00278214
24.6054 0.00313763      0.00316385
26.3651 0.00359521      0.00359792
28.2508 0.00411832      0.00409154
30.2712 0.00471596      0.00465289
32.4362 0.00539826      0.00529125
34.756  0.00617658      0.0060172
37.2417 0.0070636       0.00684274
39.9052 0.00807345      0.00778154
42.7592 0.00922173      0.00884915
45.8174 0.0105257       0.0100632
49.0942 0.012004        0.0114439
52.6054 0.0136773       0.0130139
56.3677 0.0155673       0.0147994
60.399  0.0176976       0.0168299
64.7187 0.0200925       0.0191389
69.3474 0.0227776       0.0217647
74.307  0.0257787       0.0247507
79.6214 0.0291214       0.0281464
85.3159 0.0328304       0.032008
91.4176 0.0369288       0.0363995
97.9558 0.0414369       0.0413934
104.961 0.0463711       0.0470724
112.468 0.051743        0.0535306
120.512 0.0575583       0.0608749
129.131 0.0638162       0.0674365
138.366 0.0705082       0.0721642
148.262 0.0776186       0.0772233
158.866 0.0851244       0.0826371
170.228 0.0929965       0.0884304
182.402 0.101201        0.0946299
195.447 0.109701        0.101264
209.426 0.11846 0.108363
224.404 0.127445        0.11596
240.453 0.136627        0.124089
257.65  0.145989        0.132789
276.077 0.155523        0.142098
295.822 0.165239        0.15206
316.979 0.175162        0.16272
339.649 0.185337        0.174128
363.94  0.19583 0.186335
389.969 0.206726        0.199398
417.859 0.218137        0.213377
447.744 0.230196        0.228336
479.767 0.243062        0.244344
514.079 0.256923        0.261474
550.846 0.271993        0.279805
590.242 0.288521        0.29942
632.456 0.306787        0.320412
677.688 0.327115        0.342874
726.156 0.349868        0.366912
778.09  0.375462        0.392634
833.739 0.40437 0.42016
893.367 0.437127        0.449616
957.26  0.474345        0.481136
1025.72 0.516719        0.514867
1099.08 0.565041        0.550962
1177.69 0.620214        0.589587
1261.91 0.683267        0.652957
1352.17 0.755374        0.73541
1448.87 0.837873        0.828275
1552.49 0.932288        0.932866
1663.53 1.04036 1.05067
1782.5  1.16405 1.18334
1909.99 1.30563 1.33277
2046.59 1.46763 1.50106
2192.96 1.65297 1.69061
2349.8  1.86491 1.9041
2517.85 2.10717 2.14454
2697.93 2.38394 2.41534
2890.88 2.69993 2.72035
3097.63 3.0604  3.06386
3319.17 3.47128 3.45075
3556.56 3.93913 3.8865
3810.92 4.47124 4.37728
4083.48 5.07563 4.93002
4375.52 5.76111 5.55257
4688.46 6.53722 6.25373
5023.77 7.41426 7.04343
5383.07 8.40322 7.93284
5768.06 9.51567 8.93457
6180.59 10.7636 10.0628
6622.62 12.1593 11.3335
7096.27 13.715  12.7646
7603.79 15.4426 14.3765
8147.61 17.353  16.1919
8730.32 19.4563 18.2366
9354.7  21.7605 20.5394
10023.7 24.2715 23.1331
10740.6 26.9924 26.0543
11508.8 29.923  29.0402
12331.9 33.0598 31.76
13213.9 36.3952 34.7346
14158.9 39.9183 37.9878
15171.6 43.6148 41.5457
16256.6 47.4677 45.4368
17419.3 51.4584 49.6923
18665.1 55.5677 54.3464

Printing water absorption, original and simplified formula
20      4.30588e-05     4.53175e-05
21.4304 4.94357e-05     5.18492e-05
22.9631 5.67565e-05     5.93223e-05
24.6054 6.51609e-05     6.78725e-05
26.3651 7.4809e-05      7.76551e-05
28.2508 8.58848e-05     8.88476e-05
30.2712 9.85991e-05     0.000101653
32.4362 0.000113194     0.000116305
34.756  0.000129947     0.000133068
37.2417 0.000149177     0.000152247
39.9052 0.000171248     0.000174191
42.7592 0.00019658      0.000199297
45.8174 0.000225653     0.000228022
49.0942 0.000259016     0.000260887
52.6054 0.000297301     0.00029849
56.3677 0.00034123      0.000341511
60.399  0.000391629     0.000390734
64.7187 0.000449446     0.000447051
69.3474 0.000515764     0.000511485
74.307  0.000591823     0.000585206
79.6214 0.000679037     0.000669553
85.3159 0.000779026     0.000766056
91.4176 0.000893635     0.000876469
97.9558 0.00102497      0.0010028
104.961 0.00117543      0.00114733
112.468 0.00134773      0.0013127
120.512 0.00154499      0.0015019
129.131 0.00177072      0.00171837
138.366 0.0020289       0.00196604
148.262 0.00232404      0.00224941
158.866 0.0026612       0.00257362
170.228 0.0030461       0.00294456
182.402 0.00348513      0.00336896
195.447 0.00398543      0.00385453
209.426 0.00455495      0.00441009
224.404 0.00520247      0.00504572
240.453 0.00593767      0.00577297
257.65  0.00677113      0.00660504
276.077 0.00771431      0.00755703
295.822 0.00877956      0.00864624
316.979 0.00997999      0.00989243
339.649 0.0113294       0.0113182
363.94  0.0128421       0.0129496
389.969 0.0145326       0.014816
417.859 0.0164153       0.0169514
447.744 0.0185043       0.0193947
479.767 0.0208127       0.0221901
514.079 0.023352        0.0253884
550.846 0.0261321       0.0290476
590.242 0.0291602       0.0332343
632.456 0.0324404       0.036188
677.688 0.0359736       0.0389042
726.156 0.0397572       0.0418244
778.09  0.043785        0.0449638
833.739 0.0480473       0.0483388
893.367 0.0525323       0.0519671
957.26  0.0572262       0.0558678
1025.72 0.062115        0.0600612
1099.08 0.0671859       0.0645695
1177.69 0.0724292       0.0694161
1261.91 0.0778396       0.0746265
1352.17 0.0834186       0.080228
1448.87 0.0891762       0.0862499
1552.49 0.0951319       0.0927239
1663.53 0.101317        0.0996837
1782.5  0.107774        0.107166
1909.99 0.11456 0.11521
2046.59 0.121748        0.123858
2192.96 0.129423        0.133155
2349.8  0.13769 0.143149
2517.85 0.146671        0.153894
2697.93 0.156505        0.165445
2890.88 0.167356        0.177864
3097.63 0.179409        0.191214
3319.17 0.192877        0.205567
3556.56 0.208   0.220997
3810.92 0.225054        0.237585
4083.48 0.244351        0.255418
4375.52 0.266247        0.27459
4688.46 0.291147        0.295201
5023.77 0.319511        0.317359
5383.07 0.351862        0.344946
5768.06 0.388796        0.388704
6180.59 0.430992        0.438012
6622.62 0.479218        0.493576
7096.27 0.534351        0.556188
7603.79 0.597382        0.626743
8147.61 0.669438        0.706248
8730.32 0.751791        0.795838
9354.7  0.845882        0.896794
10023.7 0.95333 1.01056
10740.6 1.07596 1.13875
11508.8 1.21582 1.2832
12331.9 1.37518 1.44598
13213.9 1.5566  1.62941
14158.9 1.76287 1.83611
15171.6 1.9971  2.06903
16256.6 2.26267 2.33149
17419.3 2.56326 2.62725
18665.1 2.90281 2.96053

Printing Smooth brickwork with flush pointing absorption data, original data
125     0.02
250     0.03
500     0.03
1000    0.04
2000    0.05
4000    0.07
Printing Smooth brickwork with flush pointing absorption data, simplified
20      0.00684652
21.4304 0.00712884
22.9631 0.0074228
24.6054 0.00772888
26.3651 0.00804758
28.2508 0.00837943
30.2712 0.00872496
32.4362 0.00908473
34.756  0.00945934
37.2417 0.0098494
39.9052 0.0102555
42.7592 0.0106784
45.8174 0.0111188
49.0942 0.0115772
52.6054 0.0120546
56.3677 0.0125517
60.399  0.0130693
64.7187 0.0136082
69.3474 0.0141693
74.307  0.0147536
79.6214 0.015362
85.3159 0.0159954
91.4176 0.016655
97.9558 0.0173418
104.961 0.0180569
112.468 0.0188015
120.512 0.0195768
129.131 0.020384
138.366 0.0212246
148.262 0.0220998
158.866 0.023011
170.228 0.0239599
182.402 0.0249479
195.447 0.0259766
209.426 0.0270478
224.404 0.0281631
240.453 0.0293244
257.65  0.03
276.077 0.03
295.822 0.03
316.979 0.03
339.649 0.03
363.94  0.03
389.969 0.03
417.859 0.03
447.744 0.03
479.767 0.03
514.079 0.0303478
550.846 0.0312304
590.242 0.0321387
632.456 0.0330735
677.688 0.0340354
726.156 0.0350253
778.09  0.036044
833.739 0.0370924
893.367 0.0381712
957.26  0.0392814
1025.72 0.0403284
1099.08 0.0412353
1177.69 0.0421625
1261.91 0.0431106
1352.17 0.0440801
1448.87 0.0450713
1552.49 0.0460848
1663.53 0.0471211
1782.5  0.0481808
1909.99 0.0492642
2046.59 0.050562
2192.96 0.0522862
2349.8  0.0540692
2517.85 0.055913
2697.93 0.0578197
2890.88 0.0597913
3097.63 0.0618303
3319.17 0.0639387
3556.56 0.0661191
3810.92 0.0683738
4083.48 0.0707054
4375.52 0.0731165
4688.46 0.0756098
5023.77 0.0781881
5383.07 0.0808544
5768.06 0.0836116
6180.59 0.0864628
6622.62 0.0894112
7096.27 0.0924602
7603.79 0.0956131
8147.61 0.0988736
8730.32 0.102245
9354.7  0.105732
10023.7 0.109337
10740.6 0.113066
11508.8 0.116922
12331.9 0.120909
13213.9 0.125032
14158.9 0.129295
15171.6 0.133704
16256.6 0.138264
17419.3 0.142979
18665.1 0.147854